<?xml version="1.0" encoding="UTF-8"?>
<coverage generated="1565881417004" clover="3.2.0">
  <project timestamp="1565881417005" name="All files">
    <metrics statements="7" coveredstatements="7" conditionals="0" coveredconditionals="0" methods="2" coveredmethods="2" elements="9" coveredelements="9" complexity="0" loc="7" ncloc="7" packages="2" files="3" classes="3">
      <package name="__jest__">
        <metrics statements="1" coveredstatements="1" conditionals="0" coveredconditionals="0" methods="0" coveredmethods="0"/>
        <file name="setup.js" path="/Users/nathansaide/projects/basics-react/react-basics/__jest__/setup.js">
          <metrics statements="1" coveredstatements="1" conditionals="0" coveredconditionals="0" methods="0" coveredmethods="0"/>
          <line num="5" count="2" type="stmt"/>
        </file>
      </package>
      <package name="src.components">
        <metrics statements="6" coveredstatements="6" conditionals="0" coveredconditionals="0" methods="2" coveredmethods="2"/>
        <file name="forecast-summary.jsx" path="/Users/nathansaide/projects/basics-react/react-basics/src/components/forecast-summary.jsx">
          <metrics statements="3" coveredstatements="3" conditionals="0" coveredconditionals="0" methods="1" coveredmethods="1"/>
          <line num="4" count="1" type="stmt"/>
          <line num="5" count="4" type="stmt"/>
          <line num="14" count="1" type="stmt"/>
        </file>
        <file name="location-details.jsx" path="/Users/nathansaide/projects/basics-react/react-basics/src/components/location-details.jsx">
          <metrics statements="3" coveredstatements="3" conditionals="0" coveredconditionals="0" methods="1" coveredmethods="1"/>
          <line num="4" count="1" type="stmt"/>
          <line num="5" count="1" type="stmt"/>
          <line num="10" count="1" type="stmt"/>
        </file>
      </package>
    </metrics>
  </project>
</coverage>
