{"/Users/nathansaide/projects/basics-react/react-basics/__jest__/setup.js": {"path":"/Users/nathansaide/projects/basics-react/react-basics/__jest__/setup.js","statementMap":{"0":{"start":{"line":5,"column":0},"end":{"line":5,"column":38}}},"fnMap":{},"branchMap":{},"s":{"0":2},"f":{},"b":{},"_coverageSchema":"332fd63041d2c1bcb487cc26dd0d5f7d97098a6c","hash":"92c456cd1c87a0ac5834bde158efaae5bbc11d53"}
,"/Users/nathansaide/projects/basics-react/react-basics/src/components/forecast-summary.jsx": {"path":"/Users/nathansaide/projects/basics-react/react-basics/src/components/forecast-summary.jsx","statementMap":{"0":{"start":{"line":4,"column":24},"end":{"line":11,"column":1}},"1":{"start":{"line":5,"column":2},"end":{"line":10,"column":7}},"2":{"start":{"line":14,"column":0},"end":{"line":19,"column":2}}},"fnMap":{"0":{"name":"(anonymous_0)","decl":{"start":{"line":4,"column":24},"end":{"line":4,"column":25}},"loc":{"start":{"line":5,"column":2},"end":{"line":10,"column":7}},"line":5}},"branchMap":{},"s":{"0":1,"1":4,"2":1},"f":{"0":4},"b":{},"_coverageSchema":"332fd63041d2c1bcb487cc26dd0d5f7d97098a6c","hash":"1980b45d144fe467a955e50e138688078d719d0c"}
,"/Users/nathansaide/projects/basics-react/react-basics/src/components/location-details.jsx": {"path":"/Users/nathansaide/projects/basics-react/react-basics/src/components/location-details.jsx","statementMap":{"0":{"start":{"line":4,"column":24},"end":{"line":8,"column":1}},"1":{"start":{"line":5,"column":2},"end":{"line":7,"column":7}},"2":{"start":{"line":10,"column":0},"end":{"line":13,"column":2}}},"fnMap":{"0":{"name":"(anonymous_0)","decl":{"start":{"line":4,"column":24},"end":{"line":4,"column":25}},"loc":{"start":{"line":5,"column":2},"end":{"line":7,"column":7}},"line":5}},"branchMap":{},"s":{"0":1,"1":1,"2":1},"f":{"0":1},"b":{},"_coverageSchema":"332fd63041d2c1bcb487cc26dd0d5f7d97098a6c","hash":"e5063cf3c341742cb9d8d59ab26e662307c3cab6"}
}
